<?xml version="1.0" encoding="UTF-8"?>
<!-- Generated by org.testng.reporters.JUnitReportReporter -->
<testsuite hostname="DESKTOP-FBBLOIH" failures="0" tests="1" name="com.example.GoogleTest" time="5.305" errors="0" timestamp="2025-09-28T22:03:09 IST" skipped="0">
  <testcase classname="com.example.GoogleTest" name="openGoogle" time="5.305"/>
</testsuite> <!-- com.example.GoogleTest -->
