<?xml version="1.0" encoding="UTF-8"?>
<!-- Generated by org.testng.reporters.JUnitReportReporter -->
<testsuite hostname="DESKTOP-FBBLOIH" failures="0" tests="1" name="com.example.AppTest" time="0.005" errors="0" timestamp="2025-09-28T22:03:09 IST" skipped="0">
  <testcase classname="com.example.AppTest" name="sampleTest" time="0.005"/>
</testsuite> <!-- com.example.AppTest -->
